<?xml version="1.0" encoding="UTF-8"?>
<!-- Generated by org.testng.reporters.JUnitXMLReporter -->
<testsuite ignored="0" hostname="DESKTOP-HQ5STS1" failures="0" tests="8" name="Default test" time="75.455" errors="0" timestamp="2022-01-23T13:50:03 IST">
  <testcase classname="tests.FirstTest" name="Test1" time="15.624"/>
  <testcase classname="tests.FirstTest" name="Test2" time="10.106"/>
  <testcase classname="tests.FirstTest" name="Test3" time="4.557"/>
  <testcase classname="tests.FirstTest" name="Test4" time="1.068"/>
  <testcase classname="tests.FirstTest" name="Test5" time="1.082"/>
  <testcase classname="tests.FirstTest" name="Test6" time="3.399"/>
  <testcase classname="tests.FirstTest" name="Test7" time="4.281"/>
  <testcase classname="tests.FirstTest" name="Test8" time="3.151"/>
</testsuite> <!-- Default test -->
