<?xml version="1.0" encoding="UTF-8"?>
<!-- Generated by org.testng.reporters.JUnitXMLReporter -->
<testsuite ignored="0" hostname="DESKTOP-HQ5STS1" failures="0" tests="8" name="Test" time="41.861" errors="0" timestamp="2022-01-23T13:50:51 IST">
  <testcase classname="tests.FirstTest" name="Test1" time="13.416"/>
  <testcase classname="tests.FirstTest" name="Test2" time="10.021"/>
  <testcase classname="tests.FirstTest" name="Test3" time="3.122"/>
  <testcase classname="tests.FirstTest" name="Test4" time="1.078"/>
  <testcase classname="tests.FirstTest" name="Test5" time="1.087"/>
  <testcase classname="tests.FirstTest" name="Test6" time="2.202"/>
  <testcase classname="tests.FirstTest" name="Test7" time="4.411"/>
  <testcase classname="tests.FirstTest" name="Test8" time="3.238"/>
</testsuite> <!-- Test -->
