<?xml version="1.0" encoding="UTF-8"?>
<testng-results ignored="0" total="8" passed="8" failed="0" skipped="0">
  <reporter-output>
  </reporter-output>
  <suite started-at="2022-01-23T13:50:09 IST" name="Suite" finished-at="2022-01-23T13:50:51 IST" duration-ms="41861">
    <groups>
    </groups>
    <test started-at="2022-01-23T13:50:09 IST" name="Test" finished-at="2022-01-23T13:50:51 IST" duration-ms="41861">
      <class name="tests.FirstTest">
        <test-method is-config="true" signature="beforeTest()[pri:0, instance:tests.FirstTest@7c9d8e2]" started-at="2022-01-23T13:50:09 IST" name="beforeTest" finished-at="2022-01-23T13:50:12 IST" duration-ms="3022" status="PASS">
          <reporter-output>
          </reporter-output>
        </test-method> <!-- beforeTest -->
        <test-method signature="Test1()[pri:1, instance:tests.FirstTest@7c9d8e2]" started-at="2022-01-23T13:50:12 IST" name="Test1" description="Register as a new user" finished-at="2022-01-23T13:50:26 IST" duration-ms="13416" status="PASS">
          <reporter-output>
          </reporter-output>
        </test-method> <!-- Test1 -->
        <test-method signature="Test2()[pri:2, instance:tests.FirstTest@7c9d8e2]" started-at="2022-01-23T13:50:26 IST" name="Test2" description="Login to the store" finished-at="2022-01-23T13:50:36 IST" duration-ms="10021" status="PASS">
          <reporter-output>
          </reporter-output>
        </test-method> <!-- Test2 -->
        <test-method signature="Test3()[pri:3, instance:tests.FirstTest@7c9d8e2]" started-at="2022-01-23T13:50:36 IST" name="Test3" description="Select the first item from the featured list" finished-at="2022-01-23T13:50:39 IST" duration-ms="3122" status="PASS">
          <reporter-output>
          </reporter-output>
        </test-method> <!-- Test3 -->
        <test-method signature="Test4()[pri:4, instance:tests.FirstTest@7c9d8e2]" started-at="2022-01-23T13:50:39 IST" name="Test4" description="Add the selected item to the wish list" finished-at="2022-01-23T13:50:40 IST" duration-ms="1078" status="PASS">
          <reporter-output>
          </reporter-output>
        </test-method> <!-- Test4 -->
        <test-method signature="Test5()[pri:5, instance:tests.FirstTest@7c9d8e2]" started-at="2022-01-23T13:50:40 IST" name="Test5" description="Add the selected item to the cart" finished-at="2022-01-23T13:50:41 IST" duration-ms="1087" status="PASS">
          <reporter-output>
          </reporter-output>
        </test-method> <!-- Test5 -->
        <test-method signature="Test6()[pri:6, instance:tests.FirstTest@7c9d8e2]" started-at="2022-01-23T13:50:41 IST" name="Test6" description="Navigate to the shopping cart" finished-at="2022-01-23T13:50:43 IST" duration-ms="2202" status="PASS">
          <reporter-output>
          </reporter-output>
        </test-method> <!-- Test6 -->
        <test-method signature="Test7()[pri:7, instance:tests.FirstTest@7c9d8e2]" started-at="2022-01-23T13:50:43 IST" name="Test7" description="Change the quantity" finished-at="2022-01-23T13:50:48 IST" duration-ms="4411" status="PASS">
          <reporter-output>
          </reporter-output>
        </test-method> <!-- Test7 -->
        <test-method signature="Test8()[pri:8, instance:tests.FirstTest@7c9d8e2]" started-at="2022-01-23T13:50:48 IST" name="Test8" description="Place order" finished-at="2022-01-23T13:50:51 IST" duration-ms="3238" status="PASS">
          <reporter-output>
          </reporter-output>
        </test-method> <!-- Test8 -->
        <test-method is-config="true" signature="afterTest()[pri:0, instance:tests.FirstTest@7c9d8e2]" started-at="2022-01-23T13:50:51 IST" name="afterTest" finished-at="2022-01-23T13:50:51 IST" duration-ms="220" status="PASS">
          <reporter-output>
          </reporter-output>
        </test-method> <!-- afterTest -->
      </class> <!-- tests.FirstTest -->
    </test> <!-- Test -->
  </suite> <!-- Suite -->
</testng-results>
